INFO - 2023-04-20 12:14:32 --> Session: Class initialized using 'CodeIgniter\Session\Handlers\FileHandler' driver.
INFO - 2023-04-20 12:17:14 --> Session: Class initialized using 'CodeIgniter\Session\Handlers\FileHandler' driver.
INFO - 2023-04-20 12:18:03 --> Session: Class initialized using 'CodeIgniter\Session\Handlers\FileHandler' driver.
INFO - 2023-04-20 12:18:08 --> Session: Class initialized using 'CodeIgniter\Session\Handlers\FileHandler' driver.
INFO - 2023-04-20 12:18:21 --> Session: Class initialized using 'CodeIgniter\Session\Handlers\FileHandler' driver.
INFO - 2023-04-20 12:19:33 --> Session: Class initialized using 'CodeIgniter\Session\Handlers\FileHandler' driver.
INFO - 2023-04-20 12:19:43 --> Session: Class initialized using 'CodeIgniter\Session\Handlers\FileHandler' driver.
INFO - 2023-04-20 12:19:59 --> Session: Class initialized using 'CodeIgniter\Session\Handlers\FileHandler' driver.
INFO - 2023-04-20 12:19:59 --> Session: Class initialized using 'CodeIgniter\Session\Handlers\FileHandler' driver.
INFO - 2023-04-20 12:26:00 --> Session: Class initialized using 'CodeIgniter\Session\Handlers\FileHandler' driver.
INFO - 2023-04-20 15:17:21 --> Session: Class initialized using 'CodeIgniter\Session\Handlers\FileHandler' driver.
CRITICAL - 2023-04-20 15:17:22 --> Undefined array key "id_usuario"
in APPPATH\Views\franjas_horarias\franjas_horarias.php on line 48.
 1 APPPATH\Views\franjas_horarias\franjas_horarias.php(48): CodeIgniter\Debug\Exceptions->errorHandler(2, 'Undefined array key "id_usuario"', 'C:\\xamppp\\htdocs\\horarioideal\\app\\Views\\franjas_horarias\\franjas_horarias.php', 48)
 2 SYSTEMPATH\View\View.php(213): include('C:\\xamppp\\htdocs\\horarioideal\\app\\Views\\franjas_horarias\\franjas_horarias.php')
 3 SYSTEMPATH\View\View.php(216): CodeIgniter\View\View->CodeIgniter\View\{closure}()
 4 SYSTEMPATH\Common.php(1184): CodeIgniter\View\View->render('/franjas_horarias/franjas_horarias', [], true)
 5 APPPATH\Controllers\Franjas_horarias.php(26): view('/franjas_horarias/franjas_horarias', [...])
 6 SYSTEMPATH\CodeIgniter.php(934): App\Controllers\Franjas_horarias->index()
 7 SYSTEMPATH\CodeIgniter.php(499): CodeIgniter\CodeIgniter->runController(Object(App\Controllers\Franjas_horarias))
 8 SYSTEMPATH\CodeIgniter.php(368): CodeIgniter\CodeIgniter->handleRequest(null, Object(Config\Cache), false)
 9 FCPATH\index.php(67): CodeIgniter\CodeIgniter->run()
INFO - 2023-04-20 15:18:02 --> Session: Class initialized using 'CodeIgniter\Session\Handlers\FileHandler' driver.
INFO - 2023-04-20 15:19:09 --> Session: Class initialized using 'CodeIgniter\Session\Handlers\FileHandler' driver.
INFO - 2023-04-20 15:20:19 --> Session: Class initialized using 'CodeIgniter\Session\Handlers\FileHandler' driver.
INFO - 2023-04-20 15:20:58 --> Session: Class initialized using 'CodeIgniter\Session\Handlers\FileHandler' driver.
INFO - 2023-04-20 15:20:59 --> Session: Class initialized using 'CodeIgniter\Session\Handlers\FileHandler' driver.
INFO - 2023-04-20 15:21:08 --> Session: Class initialized using 'CodeIgniter\Session\Handlers\FileHandler' driver.
INFO - 2023-04-20 15:24:45 --> Session: Class initialized using 'CodeIgniter\Session\Handlers\FileHandler' driver.
INFO - 2023-04-20 15:26:05 --> Session: Class initialized using 'CodeIgniter\Session\Handlers\FileHandler' driver.
INFO - 2023-04-20 15:26:09 --> Session: Class initialized using 'CodeIgniter\Session\Handlers\FileHandler' driver.
INFO - 2023-04-20 15:26:15 --> Session: Class initialized using 'CodeIgniter\Session\Handlers\FileHandler' driver.
INFO - 2023-04-20 15:26:21 --> Session: Class initialized using 'CodeIgniter\Session\Handlers\FileHandler' driver.
INFO - 2023-04-20 15:26:29 --> Session: Class initialized using 'CodeIgniter\Session\Handlers\FileHandler' driver.
INFO - 2023-04-20 15:26:30 --> Session: Class initialized using 'CodeIgniter\Session\Handlers\FileHandler' driver.
INFO - 2023-04-20 15:26:35 --> Session: Class initialized using 'CodeIgniter\Session\Handlers\FileHandler' driver.
INFO - 2023-04-20 15:26:59 --> Session: Class initialized using 'CodeIgniter\Session\Handlers\FileHandler' driver.
INFO - 2023-04-20 15:28:43 --> Session: Class initialized using 'CodeIgniter\Session\Handlers\FileHandler' driver.
CRITICAL - 2023-04-20 15:32:30 --> Call to undefined method App\Models\Franjas_horariasModel::obtenerUsuariosEliminados
in SYSTEMPATH\Model.php on line 842.
 1 APPPATH\Controllers\Franjas_horarias.php(51): CodeIgniter\Model->__call('obtenerUsuariosEliminados', [])
 2 SYSTEMPATH\CodeIgniter.php(934): App\Controllers\Franjas_horarias->eliminados()
 3 SYSTEMPATH\CodeIgniter.php(499): CodeIgniter\CodeIgniter->runController(Object(App\Controllers\Franjas_horarias))
 4 SYSTEMPATH\CodeIgniter.php(368): CodeIgniter\CodeIgniter->handleRequest(null, Object(Config\Cache), false)
 5 FCPATH\index.php(67): CodeIgniter\CodeIgniter->run()
INFO - 2023-04-20 15:32:34 --> Session: Class initialized using 'CodeIgniter\Session\Handlers\FileHandler' driver.
INFO - 2023-04-20 15:39:27 --> Session: Class initialized using 'CodeIgniter\Session\Handlers\FileHandler' driver.
INFO - 2023-04-20 15:40:40 --> Session: Class initialized using 'CodeIgniter\Session\Handlers\FileHandler' driver.
INFO - 2023-04-20 15:47:28 --> Session: Class initialized using 'CodeIgniter\Session\Handlers\FileHandler' driver.
CRITICAL - 2023-04-20 15:47:29 --> Call to undefined method App\Models\Franjas_horariasModel::buscarUsuario
in SYSTEMPATH\Model.php on line 842.
 1 APPPATH\Controllers\Franjas_horarias.php(70): CodeIgniter\Model->__call('buscarUsuario', [...])
 2 SYSTEMPATH\CodeIgniter.php(934): App\Controllers\Franjas_horarias->buscarFranjas('1')
 3 SYSTEMPATH\CodeIgniter.php(499): CodeIgniter\CodeIgniter->runController(Object(App\Controllers\Franjas_horarias))
 4 SYSTEMPATH\CodeIgniter.php(368): CodeIgniter\CodeIgniter->handleRequest(null, Object(Config\Cache), false)
 5 FCPATH\index.php(67): CodeIgniter\CodeIgniter->run()
INFO - 2023-04-20 15:47:31 --> Session: Class initialized using 'CodeIgniter\Session\Handlers\FileHandler' driver.
INFO - 2023-04-20 15:48:37 --> Session: Class initialized using 'CodeIgniter\Session\Handlers\FileHandler' driver.
CRITICAL - 2023-04-20 15:48:40 --> Call to undefined method App\Models\Franjas_horariasModel::buscarUsuario
in SYSTEMPATH\Model.php on line 842.
 1 APPPATH\Controllers\Franjas_horarias.php(70): CodeIgniter\Model->__call('buscarUsuario', [...])
 2 SYSTEMPATH\CodeIgniter.php(934): App\Controllers\Franjas_horarias->buscarFranjas('1')
 3 SYSTEMPATH\CodeIgniter.php(499): CodeIgniter\CodeIgniter->runController(Object(App\Controllers\Franjas_horarias))
 4 SYSTEMPATH\CodeIgniter.php(368): CodeIgniter\CodeIgniter->handleRequest(null, Object(Config\Cache), false)
 5 FCPATH\index.php(67): CodeIgniter\CodeIgniter->run()
CRITICAL - 2023-04-20 15:49:20 --> Call to undefined method App\Models\Franjas_horariasModel::buscarUsuario
in SYSTEMPATH\Model.php on line 842.
 1 APPPATH\Controllers\Franjas_horarias.php(70): CodeIgniter\Model->__call('buscarUsuario', [...])
 2 SYSTEMPATH\CodeIgniter.php(934): App\Controllers\Franjas_horarias->buscarFranjas('1')
 3 SYSTEMPATH\CodeIgniter.php(499): CodeIgniter\CodeIgniter->runController(Object(App\Controllers\Franjas_horarias))
 4 SYSTEMPATH\CodeIgniter.php(368): CodeIgniter\CodeIgniter->handleRequest(null, Object(Config\Cache), false)
 5 FCPATH\index.php(67): CodeIgniter\CodeIgniter->run()
INFO - 2023-04-20 15:51:35 --> Session: Class initialized using 'CodeIgniter\Session\Handlers\FileHandler' driver.
CRITICAL - 2023-04-20 15:51:36 --> Call to undefined method App\Models\Franjas_horariasModel::buscarUsuario
in SYSTEMPATH\Model.php on line 842.
 1 APPPATH\Controllers\Franjas_horarias.php(70): CodeIgniter\Model->__call('buscarUsuario', [...])
 2 SYSTEMPATH\CodeIgniter.php(934): App\Controllers\Franjas_horarias->buscarFranjas('1')
 3 SYSTEMPATH\CodeIgniter.php(499): CodeIgniter\CodeIgniter->runController(Object(App\Controllers\Franjas_horarias))
 4 SYSTEMPATH\CodeIgniter.php(368): CodeIgniter\CodeIgniter->handleRequest(null, Object(Config\Cache), false)
 5 FCPATH\index.php(67): CodeIgniter\CodeIgniter->run()
INFO - 2023-04-20 15:52:43 --> Session: Class initialized using 'CodeIgniter\Session\Handlers\FileHandler' driver.
INFO - 2023-04-20 15:52:44 --> Session: Class initialized using 'CodeIgniter\Session\Handlers\FileHandler' driver.
CRITICAL - 2023-04-20 15:52:45 --> Call to undefined method App\Models\Franjas_horariasModel::buscarUsuario
in SYSTEMPATH\Model.php on line 842.
 1 APPPATH\Controllers\Franjas_horarias.php(70): CodeIgniter\Model->__call('buscarUsuario', [...])
 2 SYSTEMPATH\CodeIgniter.php(934): App\Controllers\Franjas_horarias->buscarFranjas('1')
 3 SYSTEMPATH\CodeIgniter.php(499): CodeIgniter\CodeIgniter->runController(Object(App\Controllers\Franjas_horarias))
 4 SYSTEMPATH\CodeIgniter.php(368): CodeIgniter\CodeIgniter->handleRequest(null, Object(Config\Cache), false)
 5 FCPATH\index.php(67): CodeIgniter\CodeIgniter->run()
INFO - 2023-04-20 15:52:59 --> Session: Class initialized using 'CodeIgniter\Session\Handlers\FileHandler' driver.
CRITICAL - 2023-04-20 15:53:01 --> Call to undefined method App\Models\Franjas_horariasModel::buscarUsuario
in SYSTEMPATH\Model.php on line 842.
 1 APPPATH\Controllers\Franjas_horarias.php(70): CodeIgniter\Model->__call('buscarUsuario', [...])
 2 SYSTEMPATH\CodeIgniter.php(934): App\Controllers\Franjas_horarias->buscarFranjas('1')
 3 SYSTEMPATH\CodeIgniter.php(499): CodeIgniter\CodeIgniter->runController(Object(App\Controllers\Franjas_horarias))
 4 SYSTEMPATH\CodeIgniter.php(368): CodeIgniter\CodeIgniter->handleRequest(null, Object(Config\Cache), false)
 5 FCPATH\index.php(67): CodeIgniter\CodeIgniter->run()
INFO - 2023-04-20 15:55:55 --> Session: Class initialized using 'CodeIgniter\Session\Handlers\FileHandler' driver.
CRITICAL - 2023-04-20 15:55:56 --> Call to undefined method App\Models\Franjas_horariasModel::buscarUsuario
in SYSTEMPATH\Model.php on line 842.
 1 APPPATH\Controllers\Franjas_horarias.php(70): CodeIgniter\Model->__call('buscarUsuario', [...])
 2 SYSTEMPATH\CodeIgniter.php(934): App\Controllers\Franjas_horarias->buscarFranjas('1')
 3 SYSTEMPATH\CodeIgniter.php(499): CodeIgniter\CodeIgniter->runController(Object(App\Controllers\Franjas_horarias))
 4 SYSTEMPATH\CodeIgniter.php(368): CodeIgniter\CodeIgniter->handleRequest(null, Object(Config\Cache), false)
 5 FCPATH\index.php(67): CodeIgniter\CodeIgniter->run()
INFO - 2023-04-20 15:56:17 --> Session: Class initialized using 'CodeIgniter\Session\Handlers\FileHandler' driver.
INFO - 2023-04-20 15:56:19 --> Session: Class initialized using 'CodeIgniter\Session\Handlers\FileHandler' driver.
CRITICAL - 2023-04-20 15:56:20 --> Call to undefined method App\Models\Franjas_horariasModel::buscarUsuario
in SYSTEMPATH\Model.php on line 842.
 1 APPPATH\Controllers\Franjas_horarias.php(70): CodeIgniter\Model->__call('buscarUsuario', [...])
 2 SYSTEMPATH\CodeIgniter.php(934): App\Controllers\Franjas_horarias->buscarFranjas('1')
 3 SYSTEMPATH\CodeIgniter.php(499): CodeIgniter\CodeIgniter->runController(Object(App\Controllers\Franjas_horarias))
 4 SYSTEMPATH\CodeIgniter.php(368): CodeIgniter\CodeIgniter->handleRequest(null, Object(Config\Cache), false)
 5 FCPATH\index.php(67): CodeIgniter\CodeIgniter->run()
INFO - 2023-04-20 15:57:30 --> Session: Class initialized using 'CodeIgniter\Session\Handlers\FileHandler' driver.
CRITICAL - 2023-04-20 15:57:31 --> Call to undefined method App\Models\Franjas_horariasModel::buscarUsuario
in SYSTEMPATH\Model.php on line 842.
 1 APPPATH\Controllers\Franjas_horarias.php(70): CodeIgniter\Model->__call('buscarUsuario', [...])
 2 SYSTEMPATH\CodeIgniter.php(934): App\Controllers\Franjas_horarias->buscarFranjas('1')
 3 SYSTEMPATH\CodeIgniter.php(499): CodeIgniter\CodeIgniter->runController(Object(App\Controllers\Franjas_horarias))
 4 SYSTEMPATH\CodeIgniter.php(368): CodeIgniter\CodeIgniter->handleRequest(null, Object(Config\Cache), false)
 5 FCPATH\index.php(67): CodeIgniter\CodeIgniter->run()
INFO - 2023-04-20 15:57:33 --> Session: Class initialized using 'CodeIgniter\Session\Handlers\FileHandler' driver.
INFO - 2023-04-20 15:57:33 --> Session: Class initialized using 'CodeIgniter\Session\Handlers\FileHandler' driver.
CRITICAL - 2023-04-20 15:57:36 --> Call to undefined method App\Models\Franjas_horariasModel::buscarUsuario
in SYSTEMPATH\Model.php on line 842.
 1 APPPATH\Controllers\Franjas_horarias.php(70): CodeIgniter\Model->__call('buscarUsuario', [...])
 2 SYSTEMPATH\CodeIgniter.php(934): App\Controllers\Franjas_horarias->buscarFranjas('1')
 3 SYSTEMPATH\CodeIgniter.php(499): CodeIgniter\CodeIgniter->runController(Object(App\Controllers\Franjas_horarias))
 4 SYSTEMPATH\CodeIgniter.php(368): CodeIgniter\CodeIgniter->handleRequest(null, Object(Config\Cache), false)
 5 FCPATH\index.php(67): CodeIgniter\CodeIgniter->run()
INFO - 2023-04-20 15:58:32 --> Session: Class initialized using 'CodeIgniter\Session\Handlers\FileHandler' driver.
CRITICAL - 2023-04-20 15:58:35 --> Call to undefined method App\Models\Franjas_horariasModel::buscarUsuario
in SYSTEMPATH\Model.php on line 842.
 1 APPPATH\Controllers\Franjas_horarias.php(70): CodeIgniter\Model->__call('buscarUsuario', [...])
 2 SYSTEMPATH\CodeIgniter.php(934): App\Controllers\Franjas_horarias->buscarFranjas('1')
 3 SYSTEMPATH\CodeIgniter.php(499): CodeIgniter\CodeIgniter->runController(Object(App\Controllers\Franjas_horarias))
 4 SYSTEMPATH\CodeIgniter.php(368): CodeIgniter\CodeIgniter->handleRequest(null, Object(Config\Cache), false)
 5 FCPATH\index.php(67): CodeIgniter\CodeIgniter->run()
INFO - 2023-04-20 15:58:57 --> Session: Class initialized using 'CodeIgniter\Session\Handlers\FileHandler' driver.
CRITICAL - 2023-04-20 15:59:01 --> Call to undefined method App\Models\Franjas_horariasModel::buscarUsuario
in SYSTEMPATH\Model.php on line 842.
 1 APPPATH\Controllers\Franjas_horarias.php(70): CodeIgniter\Model->__call('buscarUsuario', [...])
 2 SYSTEMPATH\CodeIgniter.php(934): App\Controllers\Franjas_horarias->buscarFranjas('1')
 3 SYSTEMPATH\CodeIgniter.php(499): CodeIgniter\CodeIgniter->runController(Object(App\Controllers\Franjas_horarias))
 4 SYSTEMPATH\CodeIgniter.php(368): CodeIgniter\CodeIgniter->handleRequest(null, Object(Config\Cache), false)
 5 FCPATH\index.php(67): CodeIgniter\CodeIgniter->run()
INFO - 2023-04-20 16:00:20 --> Session: Class initialized using 'CodeIgniter\Session\Handlers\FileHandler' driver.
INFO - 2023-04-20 16:00:54 --> Session: Class initialized using 'CodeIgniter\Session\Handlers\FileHandler' driver.
INFO - 2023-04-20 16:00:54 --> Session: Class initialized using 'CodeIgniter\Session\Handlers\FileHandler' driver.
INFO - 2023-04-20 16:01:05 --> Session: Class initialized using 'CodeIgniter\Session\Handlers\FileHandler' driver.
INFO - 2023-04-20 16:01:05 --> Session: Class initialized using 'CodeIgniter\Session\Handlers\FileHandler' driver.
INFO - 2023-04-20 16:01:11 --> Session: Class initialized using 'CodeIgniter\Session\Handlers\FileHandler' driver.
INFO - 2023-04-20 16:01:11 --> Session: Class initialized using 'CodeIgniter\Session\Handlers\FileHandler' driver.
CRITICAL - 2023-04-20 16:01:14 --> Call to undefined method App\Models\Franjas_horariasModel::obtenerUsuariosEliminados
in SYSTEMPATH\Model.php on line 842.
 1 APPPATH\Controllers\Franjas_horarias.php(51): CodeIgniter\Model->__call('obtenerUsuariosEliminados', [])
 2 SYSTEMPATH\CodeIgniter.php(934): App\Controllers\Franjas_horarias->eliminados()
 3 SYSTEMPATH\CodeIgniter.php(499): CodeIgniter\CodeIgniter->runController(Object(App\Controllers\Franjas_horarias))
 4 SYSTEMPATH\CodeIgniter.php(368): CodeIgniter\CodeIgniter->handleRequest(null, Object(Config\Cache), false)
 5 FCPATH\index.php(67): CodeIgniter\CodeIgniter->run()
INFO - 2023-04-20 16:01:15 --> Session: Class initialized using 'CodeIgniter\Session\Handlers\FileHandler' driver.
INFO - 2023-04-20 16:15:56 --> Session: Class initialized using 'CodeIgniter\Session\Handlers\FileHandler' driver.
CRITICAL - 2023-04-20 16:15:57 --> Call to undefined method App\Models\Franjas_horariasModel::obtenerUsuariosEliminados
in SYSTEMPATH\Model.php on line 842.
 1 APPPATH\Controllers\Franjas_horarias.php(51): CodeIgniter\Model->__call('obtenerUsuariosEliminados', [])
 2 SYSTEMPATH\CodeIgniter.php(934): App\Controllers\Franjas_horarias->eliminados()
 3 SYSTEMPATH\CodeIgniter.php(499): CodeIgniter\CodeIgniter->runController(Object(App\Controllers\Franjas_horarias))
 4 SYSTEMPATH\CodeIgniter.php(368): CodeIgniter\CodeIgniter->handleRequest(null, Object(Config\Cache), false)
 5 FCPATH\index.php(67): CodeIgniter\CodeIgniter->run()
INFO - 2023-04-20 16:16:19 --> Session: Class initialized using 'CodeIgniter\Session\Handlers\FileHandler' driver.
INFO - 2023-04-20 16:16:52 --> Session: Class initialized using 'CodeIgniter\Session\Handlers\FileHandler' driver.
ERROR - 2023-04-20 16:16:53 --> mysqli_sql_exception: Unknown column 'nombre' in 'order clause' in C:\xamppp\htdocs\horarioideal\system\Database\MySQLi\Connection.php:295
Stack trace:
#0 C:\xamppp\htdocs\horarioideal\system\Database\MySQLi\Connection.php(295): mysqli->query('SELECT `franjas...', 0)
#1 C:\xamppp\htdocs\horarioideal\system\Database\BaseConnection.php(691): CodeIgniter\Database\MySQLi\Connection->execute('SELECT `franjas...')
#2 C:\xamppp\htdocs\horarioideal\system\Database\BaseConnection.php(605): CodeIgniter\Database\BaseConnection->simpleQuery('SELECT `franjas...')
#3 C:\xamppp\htdocs\horarioideal\system\Database\BaseBuilder.php(1616): CodeIgniter\Database\BaseConnection->query('SELECT `franjas...', Array, false)
#4 C:\xamppp\htdocs\horarioideal\system\Model.php(241): CodeIgniter\Database\BaseBuilder->get()
#5 C:\xamppp\htdocs\horarioideal\system\BaseModel.php(618): CodeIgniter\Model->doFindAll(0, 0)
#6 C:\xamppp\htdocs\horarioideal\app\Models\Franjas_horariasModel.php(38): CodeIgniter\BaseModel->findAll()
#7 C:\xamppp\htdocs\horarioideal\app\Controllers\Franjas_horarias.php(51): App\Models\Franjas_horariasModel->obtenerFranjasEliminados()
#8 C:\xamppp\htdocs\horarioideal\system\CodeIgniter.php(934): App\Controllers\Franjas_horarias->eliminados()
#9 C:\xamppp\htdocs\horarioideal\system\CodeIgniter.php(499): CodeIgniter\CodeIgniter->runController(Object(App\Controllers\Franjas_horarias))
#10 C:\xamppp\htdocs\horarioideal\system\CodeIgniter.php(368): CodeIgniter\CodeIgniter->handleRequest(NULL, Object(Config\Cache), false)
#11 C:\xamppp\htdocs\horarioideal\public\index.php(67): CodeIgniter\CodeIgniter->run()
#12 {main}
CRITICAL - 2023-04-20 16:16:53 --> Unknown column 'nombre' in 'order clause'
in SYSTEMPATH\Database\MySQLi\Connection.php on line 295.
 1 SYSTEMPATH\Database\MySQLi\Connection.php(295): mysqli->query('SELECT `franjas_horarias`.*
FROM `franjas_horarias`
WHERE `estado` = \'E\'
ORDER BY `nombre` ASC', 0)
 2 SYSTEMPATH\Database\BaseConnection.php(691): CodeIgniter\Database\MySQLi\Connection->execute('SELECT `franjas_horarias`.*
FROM `franjas_horarias`
WHERE `estado` = \'E\'
ORDER BY `nombre` ASC')
 3 SYSTEMPATH\Database\BaseConnection.php(605): CodeIgniter\Database\BaseConnection->simpleQuery('SELECT `franjas_horarias`.*
FROM `franjas_horarias`
WHERE `estado` = \'E\'
ORDER BY `nombre` ASC')
 4 SYSTEMPATH\Database\BaseBuilder.php(1616): CodeIgniter\Database\BaseConnection->query('SELECT `franjas_horarias`.*
FROM `franjas_horarias`
WHERE `estado` = :estado:
ORDER BY `nombre` ASC', [...], false)
 5 SYSTEMPATH\Model.php(241): CodeIgniter\Database\BaseBuilder->get()
 6 SYSTEMPATH\BaseModel.php(618): CodeIgniter\Model->doFindAll(0, 0)
 7 APPPATH\Models\Franjas_horariasModel.php(38): CodeIgniter\BaseModel->findAll()
 8 APPPATH\Controllers\Franjas_horarias.php(51): App\Models\Franjas_horariasModel->obtenerFranjasEliminados()
 9 SYSTEMPATH\CodeIgniter.php(934): App\Controllers\Franjas_horarias->eliminados()
10 SYSTEMPATH\CodeIgniter.php(499): CodeIgniter\CodeIgniter->runController(Object(App\Controllers\Franjas_horarias))
11 SYSTEMPATH\CodeIgniter.php(368): CodeIgniter\CodeIgniter->handleRequest(null, Object(Config\Cache), false)
12 FCPATH\index.php(67): CodeIgniter\CodeIgniter->run()
INFO - 2023-04-20 16:16:56 --> Session: Class initialized using 'CodeIgniter\Session\Handlers\FileHandler' driver.
INFO - 2023-04-20 16:16:58 --> Session: Class initialized using 'CodeIgniter\Session\Handlers\FileHandler' driver.
INFO - 2023-04-20 16:17:02 --> Session: Class initialized using 'CodeIgniter\Session\Handlers\FileHandler' driver.
ERROR - 2023-04-20 16:17:03 --> mysqli_sql_exception: Unknown column 'nombre' in 'order clause' in C:\xamppp\htdocs\horarioideal\system\Database\MySQLi\Connection.php:295
Stack trace:
#0 C:\xamppp\htdocs\horarioideal\system\Database\MySQLi\Connection.php(295): mysqli->query('SELECT `franjas...', 0)
#1 C:\xamppp\htdocs\horarioideal\system\Database\BaseConnection.php(691): CodeIgniter\Database\MySQLi\Connection->execute('SELECT `franjas...')
#2 C:\xamppp\htdocs\horarioideal\system\Database\BaseConnection.php(605): CodeIgniter\Database\BaseConnection->simpleQuery('SELECT `franjas...')
#3 C:\xamppp\htdocs\horarioideal\system\Database\BaseBuilder.php(1616): CodeIgniter\Database\BaseConnection->query('SELECT `franjas...', Array, false)
#4 C:\xamppp\htdocs\horarioideal\system\Model.php(241): CodeIgniter\Database\BaseBuilder->get()
#5 C:\xamppp\htdocs\horarioideal\system\BaseModel.php(618): CodeIgniter\Model->doFindAll(0, 0)
#6 C:\xamppp\htdocs\horarioideal\app\Models\Franjas_horariasModel.php(38): CodeIgniter\BaseModel->findAll()
#7 C:\xamppp\htdocs\horarioideal\app\Controllers\Franjas_horarias.php(51): App\Models\Franjas_horariasModel->obtenerFranjasEliminados()
#8 C:\xamppp\htdocs\horarioideal\system\CodeIgniter.php(934): App\Controllers\Franjas_horarias->eliminados()
#9 C:\xamppp\htdocs\horarioideal\system\CodeIgniter.php(499): CodeIgniter\CodeIgniter->runController(Object(App\Controllers\Franjas_horarias))
#10 C:\xamppp\htdocs\horarioideal\system\CodeIgniter.php(368): CodeIgniter\CodeIgniter->handleRequest(NULL, Object(Config\Cache), false)
#11 C:\xamppp\htdocs\horarioideal\public\index.php(67): CodeIgniter\CodeIgniter->run()
#12 {main}
CRITICAL - 2023-04-20 16:17:03 --> Unknown column 'nombre' in 'order clause'
in SYSTEMPATH\Database\MySQLi\Connection.php on line 295.
 1 SYSTEMPATH\Database\MySQLi\Connection.php(295): mysqli->query('SELECT `franjas_horarias`.*
FROM `franjas_horarias`
WHERE `estado` = \'E\'
ORDER BY `nombre` ASC', 0)
 2 SYSTEMPATH\Database\BaseConnection.php(691): CodeIgniter\Database\MySQLi\Connection->execute('SELECT `franjas_horarias`.*
FROM `franjas_horarias`
WHERE `estado` = \'E\'
ORDER BY `nombre` ASC')
 3 SYSTEMPATH\Database\BaseConnection.php(605): CodeIgniter\Database\BaseConnection->simpleQuery('SELECT `franjas_horarias`.*
FROM `franjas_horarias`
WHERE `estado` = \'E\'
ORDER BY `nombre` ASC')
 4 SYSTEMPATH\Database\BaseBuilder.php(1616): CodeIgniter\Database\BaseConnection->query('SELECT `franjas_horarias`.*
FROM `franjas_horarias`
WHERE `estado` = :estado:
ORDER BY `nombre` ASC', [...], false)
 5 SYSTEMPATH\Model.php(241): CodeIgniter\Database\BaseBuilder->get()
 6 SYSTEMPATH\BaseModel.php(618): CodeIgniter\Model->doFindAll(0, 0)
 7 APPPATH\Models\Franjas_horariasModel.php(38): CodeIgniter\BaseModel->findAll()
 8 APPPATH\Controllers\Franjas_horarias.php(51): App\Models\Franjas_horariasModel->obtenerFranjasEliminados()
 9 SYSTEMPATH\CodeIgniter.php(934): App\Controllers\Franjas_horarias->eliminados()
10 SYSTEMPATH\CodeIgniter.php(499): CodeIgniter\CodeIgniter->runController(Object(App\Controllers\Franjas_horarias))
11 SYSTEMPATH\CodeIgniter.php(368): CodeIgniter\CodeIgniter->handleRequest(null, Object(Config\Cache), false)
12 FCPATH\index.php(67): CodeIgniter\CodeIgniter->run()
INFO - 2023-04-20 16:19:39 --> Session: Class initialized using 'CodeIgniter\Session\Handlers\FileHandler' driver.
INFO - 2023-04-20 16:19:42 --> Session: Class initialized using 'CodeIgniter\Session\Handlers\FileHandler' driver.
INFO - 2023-04-20 16:19:44 --> Session: Class initialized using 'CodeIgniter\Session\Handlers\FileHandler' driver.
INFO - 2023-04-20 16:19:56 --> Session: Class initialized using 'CodeIgniter\Session\Handlers\FileHandler' driver.
INFO - 2023-04-20 16:21:23 --> Session: Class initialized using 'CodeIgniter\Session\Handlers\FileHandler' driver.
CRITICAL - 2023-04-20 16:21:26 --> Call to undefined method App\Models\Franjas_horariasModel::cambiarEstado
in SYSTEMPATH\Model.php on line 842.
 1 APPPATH\Controllers\Franjas_horarias.php(79): CodeIgniter\Model->__call('cambiarEstado', [...])
 2 SYSTEMPATH\CodeIgniter.php(934): App\Controllers\Franjas_horarias->cambiarEstado('2', 'E')
 3 SYSTEMPATH\CodeIgniter.php(499): CodeIgniter\CodeIgniter->runController(Object(App\Controllers\Franjas_horarias))
 4 SYSTEMPATH\CodeIgniter.php(368): CodeIgniter\CodeIgniter->handleRequest(null, Object(Config\Cache), false)
 5 FCPATH\index.php(67): CodeIgniter\CodeIgniter->run()
INFO - 2023-04-20 16:22:08 --> Session: Class initialized using 'CodeIgniter\Session\Handlers\FileHandler' driver.
INFO - 2023-04-20 16:22:09 --> Session: Class initialized using 'CodeIgniter\Session\Handlers\FileHandler' driver.
CRITICAL - 2023-04-20 16:22:12 --> Call to undefined method App\Models\Franjas_horariasModel::cambiarEstado
in SYSTEMPATH\Model.php on line 842.
 1 APPPATH\Controllers\Franjas_horarias.php(79): CodeIgniter\Model->__call('cambiarEstado', [...])
 2 SYSTEMPATH\CodeIgniter.php(934): App\Controllers\Franjas_horarias->cambiarEstado('2', 'E')
 3 SYSTEMPATH\CodeIgniter.php(499): CodeIgniter\CodeIgniter->runController(Object(App\Controllers\Franjas_horarias))
 4 SYSTEMPATH\CodeIgniter.php(368): CodeIgniter\CodeIgniter->handleRequest(null, Object(Config\Cache), false)
 5 FCPATH\index.php(67): CodeIgniter\CodeIgniter->run()
CRITICAL - 2023-04-20 16:23:17 --> Call to undefined method App\Models\Franjas_horariasModel::cambiarEstado
in SYSTEMPATH\Model.php on line 842.
 1 APPPATH\Controllers\Franjas_horarias.php(79): CodeIgniter\Model->__call('cambiarEstado', [...])
 2 SYSTEMPATH\CodeIgniter.php(934): App\Controllers\Franjas_horarias->cambiarEstado('2', 'E')
 3 SYSTEMPATH\CodeIgniter.php(499): CodeIgniter\CodeIgniter->runController(Object(App\Controllers\Franjas_horarias))
 4 SYSTEMPATH\CodeIgniter.php(368): CodeIgniter\CodeIgniter->handleRequest(null, Object(Config\Cache), false)
 5 FCPATH\index.php(67): CodeIgniter\CodeIgniter->run()
INFO - 2023-04-20 16:23:19 --> Session: Class initialized using 'CodeIgniter\Session\Handlers\FileHandler' driver.
CRITICAL - 2023-04-20 16:23:22 --> Call to undefined method App\Models\Franjas_horariasModel::cambiarEstado
in SYSTEMPATH\Model.php on line 842.
 1 APPPATH\Controllers\Franjas_horarias.php(79): CodeIgniter\Model->__call('cambiarEstado', [...])
 2 SYSTEMPATH\CodeIgniter.php(934): App\Controllers\Franjas_horarias->cambiarEstado('2', 'E')
 3 SYSTEMPATH\CodeIgniter.php(499): CodeIgniter\CodeIgniter->runController(Object(App\Controllers\Franjas_horarias))
 4 SYSTEMPATH\CodeIgniter.php(368): CodeIgniter\CodeIgniter->handleRequest(null, Object(Config\Cache), false)
 5 FCPATH\index.php(67): CodeIgniter\CodeIgniter->run()
CRITICAL - 2023-04-20 16:30:32 --> Call to undefined method App\Models\Franjas_horariasModel::cambiarEstado
in SYSTEMPATH\Model.php on line 842.
 1 APPPATH\Controllers\Franjas_horarias.php(79): CodeIgniter\Model->__call('cambiarEstado', [...])
 2 SYSTEMPATH\CodeIgniter.php(934): App\Controllers\Franjas_horarias->cambiarEstado('2', 'E')
 3 SYSTEMPATH\CodeIgniter.php(499): CodeIgniter\CodeIgniter->runController(Object(App\Controllers\Franjas_horarias))
 4 SYSTEMPATH\CodeIgniter.php(368): CodeIgniter\CodeIgniter->handleRequest(null, Object(Config\Cache), false)
 5 FCPATH\index.php(67): CodeIgniter\CodeIgniter->run()
INFO - 2023-04-20 16:30:41 --> Session: Class initialized using 'CodeIgniter\Session\Handlers\FileHandler' driver.
INFO - 2023-04-20 16:31:49 --> Session: Class initialized using 'CodeIgniter\Session\Handlers\FileHandler' driver.
CRITICAL - 2023-04-20 16:31:53 --> Call to undefined method App\Models\Franjas_horariasModel::cambiarEstado
in SYSTEMPATH\Model.php on line 842.
 1 APPPATH\Controllers\Franjas_horarias.php(79): CodeIgniter\Model->__call('cambiarEstado', [...])
 2 SYSTEMPATH\CodeIgniter.php(934): App\Controllers\Franjas_horarias->cambiarEstado('2', 'E')
 3 SYSTEMPATH\CodeIgniter.php(499): CodeIgniter\CodeIgniter->runController(Object(App\Controllers\Franjas_horarias))
 4 SYSTEMPATH\CodeIgniter.php(368): CodeIgniter\CodeIgniter->handleRequest(null, Object(Config\Cache), false)
 5 FCPATH\index.php(67): CodeIgniter\CodeIgniter->run()
CRITICAL - 2023-04-20 16:34:26 --> Call to undefined method App\Models\Franjas_horariasModel::cambiarEstado
in SYSTEMPATH\Model.php on line 842.
 1 APPPATH\Controllers\Franjas_horarias.php(79): CodeIgniter\Model->__call('cambiarEstado', [...])
 2 SYSTEMPATH\CodeIgniter.php(934): App\Controllers\Franjas_horarias->cambiarEstado('2', 'E')
 3 SYSTEMPATH\CodeIgniter.php(499): CodeIgniter\CodeIgniter->runController(Object(App\Controllers\Franjas_horarias))
 4 SYSTEMPATH\CodeIgniter.php(368): CodeIgniter\CodeIgniter->handleRequest(null, Object(Config\Cache), false)
 5 FCPATH\index.php(67): CodeIgniter\CodeIgniter->run()
INFO - 2023-04-20 16:34:28 --> Session: Class initialized using 'CodeIgniter\Session\Handlers\FileHandler' driver.
INFO - 2023-04-20 16:34:29 --> Session: Class initialized using 'CodeIgniter\Session\Handlers\FileHandler' driver.
CRITICAL - 2023-04-20 16:34:31 --> Call to undefined method App\Models\Franjas_horariasModel::cambiarEstado
in SYSTEMPATH\Model.php on line 842.
 1 APPPATH\Controllers\Franjas_horarias.php(79): CodeIgniter\Model->__call('cambiarEstado', [...])
 2 SYSTEMPATH\CodeIgniter.php(934): App\Controllers\Franjas_horarias->cambiarEstado('2', 'E')
 3 SYSTEMPATH\CodeIgniter.php(499): CodeIgniter\CodeIgniter->runController(Object(App\Controllers\Franjas_horarias))
 4 SYSTEMPATH\CodeIgniter.php(368): CodeIgniter\CodeIgniter->handleRequest(null, Object(Config\Cache), false)
 5 FCPATH\index.php(67): CodeIgniter\CodeIgniter->run()
INFO - 2023-04-20 16:36:07 --> Session: Class initialized using 'CodeIgniter\Session\Handlers\FileHandler' driver.
INFO - 2023-04-20 16:36:08 --> Session: Class initialized using 'CodeIgniter\Session\Handlers\FileHandler' driver.
INFO - 2023-04-20 16:36:09 --> Session: Class initialized using 'CodeIgniter\Session\Handlers\FileHandler' driver.
CRITICAL - 2023-04-20 16:36:12 --> Call to undefined method App\Models\Franjas_horariasModel::cambiarEstado
in SYSTEMPATH\Model.php on line 842.
 1 APPPATH\Controllers\Franjas_horarias.php(79): CodeIgniter\Model->__call('cambiarEstado', [...])
 2 SYSTEMPATH\CodeIgniter.php(934): App\Controllers\Franjas_horarias->cambiarEstado('2', 'E')
 3 SYSTEMPATH\CodeIgniter.php(499): CodeIgniter\CodeIgniter->runController(Object(App\Controllers\Franjas_horarias))
 4 SYSTEMPATH\CodeIgniter.php(368): CodeIgniter\CodeIgniter->handleRequest(null, Object(Config\Cache), false)
 5 FCPATH\index.php(67): CodeIgniter\CodeIgniter->run()
INFO - 2023-04-20 16:36:17 --> Session: Class initialized using 'CodeIgniter\Session\Handlers\FileHandler' driver.
CRITICAL - 2023-04-20 16:44:15 --> Call to undefined method App\Models\Franjas_horariasModel::cambiarEstado
in SYSTEMPATH\Model.php on line 842.
 1 APPPATH\Controllers\Franjas_horarias.php(79): CodeIgniter\Model->__call('cambiarEstado', [...])
 2 SYSTEMPATH\CodeIgniter.php(934): App\Controllers\Franjas_horarias->cambiarEstado('2', 'E')
 3 SYSTEMPATH\CodeIgniter.php(499): CodeIgniter\CodeIgniter->runController(Object(App\Controllers\Franjas_horarias))
 4 SYSTEMPATH\CodeIgniter.php(368): CodeIgniter\CodeIgniter->handleRequest(null, Object(Config\Cache), false)
 5 FCPATH\index.php(67): CodeIgniter\CodeIgniter->run()
INFO - 2023-04-20 16:47:52 --> Session: Class initialized using 'CodeIgniter\Session\Handlers\FileHandler' driver.
INFO - 2023-04-20 16:47:54 --> Session: Class initialized using 'CodeIgniter\Session\Handlers\FileHandler' driver.
CRITICAL - 2023-04-20 16:47:56 --> Call to undefined method App\Models\Franjas_horariasModel::cambiarEstado
in SYSTEMPATH\Model.php on line 842.
 1 APPPATH\Controllers\Franjas_horarias.php(79): CodeIgniter\Model->__call('cambiarEstado', [...])
 2 SYSTEMPATH\CodeIgniter.php(934): App\Controllers\Franjas_horarias->cambiarEstado('2', 'E')
 3 SYSTEMPATH\CodeIgniter.php(499): CodeIgniter\CodeIgniter->runController(Object(App\Controllers\Franjas_horarias))
 4 SYSTEMPATH\CodeIgniter.php(368): CodeIgniter\CodeIgniter->handleRequest(null, Object(Config\Cache), false)
 5 FCPATH\index.php(67): CodeIgniter\CodeIgniter->run()
INFO - 2023-04-20 16:48:41 --> Session: Class initialized using 'CodeIgniter\Session\Handlers\FileHandler' driver.
INFO - 2023-04-20 16:48:42 --> Session: Class initialized using 'CodeIgniter\Session\Handlers\FileHandler' driver.
CRITICAL - 2023-04-20 16:49:27 --> Class "App\Model\Franjas_horariasModel" not found
in APPPATH\Controllers\Franjas_horarias.php on line 16.
 1 SYSTEMPATH\CodeIgniter.php(906): App\Controllers\Franjas_horarias->__construct()
 2 SYSTEMPATH\CodeIgniter.php(490): CodeIgniter\CodeIgniter->createController()
 3 SYSTEMPATH\CodeIgniter.php(368): CodeIgniter\CodeIgniter->handleRequest(null, Object(Config\Cache), false)
 4 FCPATH\index.php(67): CodeIgniter\CodeIgniter->run()
INFO - 2023-04-20 16:49:31 --> Session: Class initialized using 'CodeIgniter\Session\Handlers\FileHandler' driver.
INFO - 2023-04-20 16:52:36 --> Session: Class initialized using 'CodeIgniter\Session\Handlers\FileHandler' driver.
CRITICAL - 2023-04-20 16:52:38 --> Call to undefined method App\Models\Franjas_horariasModel::cambiarEstado
in SYSTEMPATH\Model.php on line 842.
 1 APPPATH\Controllers\Franjas_horarias.php(78): CodeIgniter\Model->__call('cambiarEstado', [...])
 2 SYSTEMPATH\CodeIgniter.php(934): App\Controllers\Franjas_horarias->cambiarEstado('2', 'E')
 3 SYSTEMPATH\CodeIgniter.php(499): CodeIgniter\CodeIgniter->runController(Object(App\Controllers\Franjas_horarias))
 4 SYSTEMPATH\CodeIgniter.php(368): CodeIgniter\CodeIgniter->handleRequest(null, Object(Config\Cache), false)
 5 FCPATH\index.php(67): CodeIgniter\CodeIgniter->run()
CRITICAL - 2023-04-20 16:53:19 --> Call to undefined method App\Models\Franjas_horariasModel::cambiarEstado
in SYSTEMPATH\Model.php on line 842.
 1 APPPATH\Controllers\Franjas_horarias.php(78): CodeIgniter\Model->__call('cambiarEstado', [...])
 2 SYSTEMPATH\CodeIgniter.php(934): App\Controllers\Franjas_horarias->cambiarEstado('2', 'E')
 3 SYSTEMPATH\CodeIgniter.php(499): CodeIgniter\CodeIgniter->runController(Object(App\Controllers\Franjas_horarias))
 4 SYSTEMPATH\CodeIgniter.php(368): CodeIgniter\CodeIgniter->handleRequest(null, Object(Config\Cache), false)
 5 FCPATH\index.php(67): CodeIgniter\CodeIgniter->run()
INFO - 2023-04-20 16:53:20 --> Session: Class initialized using 'CodeIgniter\Session\Handlers\FileHandler' driver.
INFO - 2023-04-20 16:53:21 --> Session: Class initialized using 'CodeIgniter\Session\Handlers\FileHandler' driver.
