INFO - 2023-04-21 13:54:52 --> Session: Class initialized using 'CodeIgniter\Session\Handlers\FileHandler' driver.
INFO - 2023-04-21 13:55:05 --> Session: Class initialized using 'CodeIgniter\Session\Handlers\FileHandler' driver.
ERROR - 2023-04-21 13:55:17 --> mysqli_sql_exception: Table 'horarios_db.aulas' doesn't exist in C:\xampp\htdocs\horarioideal\system\Database\MySQLi\Connection.php:295
Stack trace:
#0 C:\xampp\htdocs\horarioideal\system\Database\MySQLi\Connection.php(295): mysqli->query('SELECT `aulas`....', 0)
#1 C:\xampp\htdocs\horarioideal\system\Database\BaseConnection.php(691): CodeIgniter\Database\MySQLi\Connection->execute('SELECT `aulas`....')
#2 C:\xampp\htdocs\horarioideal\system\Database\BaseConnection.php(605): CodeIgniter\Database\BaseConnection->simpleQuery('SELECT `aulas`....')
#3 C:\xampp\htdocs\horarioideal\system\Database\BaseBuilder.php(1616): CodeIgniter\Database\BaseConnection->query('SELECT `aulas`....', Array, false)
#4 C:\xampp\htdocs\horarioideal\system\Model.php(241): CodeIgniter\Database\BaseBuilder->get()
#5 C:\xampp\htdocs\horarioideal\system\BaseModel.php(618): CodeIgniter\Model->doFindAll(0, 0)
#6 C:\xampp\htdocs\horarioideal\app\Models\AulaModel.php(30): CodeIgniter\BaseModel->findAll()
#7 C:\xampp\htdocs\horarioideal\app\Controllers\Aulas.php(21): App\Models\AulaModel->obtenerAulas()
#8 C:\xampp\htdocs\horarioideal\system\CodeIgniter.php(934): App\Controllers\Aulas->index()
#9 C:\xampp\htdocs\horarioideal\system\CodeIgniter.php(499): CodeIgniter\CodeIgniter->runController(Object(App\Controllers\Aulas))
#10 C:\xampp\htdocs\horarioideal\system\CodeIgniter.php(368): CodeIgniter\CodeIgniter->handleRequest(NULL, Object(Config\Cache), false)
#11 C:\xampp\htdocs\horarioideal\public\index.php(67): CodeIgniter\CodeIgniter->run()
#12 {main}
CRITICAL - 2023-04-21 13:55:17 --> Table 'horarios_db.aulas' doesn't exist
in SYSTEMPATH\Database\MySQLi\Connection.php on line 295.
 1 SYSTEMPATH\Database\MySQLi\Connection.php(295): mysqli->query('SELECT `aulas`.*
FROM `aulas`
WHERE `estado` = \'A\'', 0)
 2 SYSTEMPATH\Database\BaseConnection.php(691): CodeIgniter\Database\MySQLi\Connection->execute('SELECT `aulas`.*
FROM `aulas`
WHERE `estado` = \'A\'')
 3 SYSTEMPATH\Database\BaseConnection.php(605): CodeIgniter\Database\BaseConnection->simpleQuery('SELECT `aulas`.*
FROM `aulas`
WHERE `estado` = \'A\'')
 4 SYSTEMPATH\Database\BaseBuilder.php(1616): CodeIgniter\Database\BaseConnection->query('SELECT `aulas`.*
FROM `aulas`
WHERE `estado` = :estado:', [...], false)
 5 SYSTEMPATH\Model.php(241): CodeIgniter\Database\BaseBuilder->get()
 6 SYSTEMPATH\BaseModel.php(618): CodeIgniter\Model->doFindAll(0, 0)
 7 APPPATH\Models\AulaModel.php(30): CodeIgniter\BaseModel->findAll()
 8 APPPATH\Controllers\Aulas.php(21): App\Models\AulaModel->obtenerAulas()
 9 SYSTEMPATH\CodeIgniter.php(934): App\Controllers\Aulas->index()
10 SYSTEMPATH\CodeIgniter.php(499): CodeIgniter\CodeIgniter->runController(Object(App\Controllers\Aulas))
11 SYSTEMPATH\CodeIgniter.php(368): CodeIgniter\CodeIgniter->handleRequest(null, Object(Config\Cache), false)
12 FCPATH\index.php(67): CodeIgniter\CodeIgniter->run()
INFO - 2023-04-21 13:55:23 --> Session: Class initialized using 'CodeIgniter\Session\Handlers\FileHandler' driver.
ERROR - 2023-04-21 13:55:27 --> mysqli_sql_exception: Table 'horarios_db.aulas' doesn't exist in C:\xampp\htdocs\horarioideal\system\Database\MySQLi\Connection.php:295
Stack trace:
#0 C:\xampp\htdocs\horarioideal\system\Database\MySQLi\Connection.php(295): mysqli->query('SELECT `aulas`....', 0)
#1 C:\xampp\htdocs\horarioideal\system\Database\BaseConnection.php(691): CodeIgniter\Database\MySQLi\Connection->execute('SELECT `aulas`....')
#2 C:\xampp\htdocs\horarioideal\system\Database\BaseConnection.php(605): CodeIgniter\Database\BaseConnection->simpleQuery('SELECT `aulas`....')
#3 C:\xampp\htdocs\horarioideal\system\Database\BaseBuilder.php(1616): CodeIgniter\Database\BaseConnection->query('SELECT `aulas`....', Array, false)
#4 C:\xampp\htdocs\horarioideal\system\Model.php(241): CodeIgniter\Database\BaseBuilder->get()
#5 C:\xampp\htdocs\horarioideal\system\BaseModel.php(618): CodeIgniter\Model->doFindAll(0, 0)
#6 C:\xampp\htdocs\horarioideal\app\Models\AulaModel.php(30): CodeIgniter\BaseModel->findAll()
#7 C:\xampp\htdocs\horarioideal\app\Controllers\Aulas.php(21): App\Models\AulaModel->obtenerAulas()
#8 C:\xampp\htdocs\horarioideal\system\CodeIgniter.php(934): App\Controllers\Aulas->index()
#9 C:\xampp\htdocs\horarioideal\system\CodeIgniter.php(499): CodeIgniter\CodeIgniter->runController(Object(App\Controllers\Aulas))
#10 C:\xampp\htdocs\horarioideal\system\CodeIgniter.php(368): CodeIgniter\CodeIgniter->handleRequest(NULL, Object(Config\Cache), false)
#11 C:\xampp\htdocs\horarioideal\public\index.php(67): CodeIgniter\CodeIgniter->run()
#12 {main}
CRITICAL - 2023-04-21 13:55:27 --> Table 'horarios_db.aulas' doesn't exist
in SYSTEMPATH\Database\MySQLi\Connection.php on line 295.
 1 SYSTEMPATH\Database\MySQLi\Connection.php(295): mysqli->query('SELECT `aulas`.*
FROM `aulas`
WHERE `estado` = \'A\'', 0)
 2 SYSTEMPATH\Database\BaseConnection.php(691): CodeIgniter\Database\MySQLi\Connection->execute('SELECT `aulas`.*
FROM `aulas`
WHERE `estado` = \'A\'')
 3 SYSTEMPATH\Database\BaseConnection.php(605): CodeIgniter\Database\BaseConnection->simpleQuery('SELECT `aulas`.*
FROM `aulas`
WHERE `estado` = \'A\'')
 4 SYSTEMPATH\Database\BaseBuilder.php(1616): CodeIgniter\Database\BaseConnection->query('SELECT `aulas`.*
FROM `aulas`
WHERE `estado` = :estado:', [...], false)
 5 SYSTEMPATH\Model.php(241): CodeIgniter\Database\BaseBuilder->get()
 6 SYSTEMPATH\BaseModel.php(618): CodeIgniter\Model->doFindAll(0, 0)
 7 APPPATH\Models\AulaModel.php(30): CodeIgniter\BaseModel->findAll()
 8 APPPATH\Controllers\Aulas.php(21): App\Models\AulaModel->obtenerAulas()
 9 SYSTEMPATH\CodeIgniter.php(934): App\Controllers\Aulas->index()
10 SYSTEMPATH\CodeIgniter.php(499): CodeIgniter\CodeIgniter->runController(Object(App\Controllers\Aulas))
11 SYSTEMPATH\CodeIgniter.php(368): CodeIgniter\CodeIgniter->handleRequest(null, Object(Config\Cache), false)
12 FCPATH\index.php(67): CodeIgniter\CodeIgniter->run()
INFO - 2023-04-21 13:55:44 --> Session: Class initialized using 'CodeIgniter\Session\Handlers\FileHandler' driver.
INFO - 2023-04-21 13:56:00 --> Session: Class initialized using 'CodeIgniter\Session\Handlers\FileHandler' driver.
CRITICAL - 2023-04-21 14:11:32 --> syntax error, unexpected token "<<", expecting end of file
in APPPATH\Config\Routes.php on line 43.
 1 SYSTEMPATH\CodeIgniter.php(802): CodeIgniter\Router\RouteCollection->loadRoutes()
 2 SYSTEMPATH\CodeIgniter.php(449): CodeIgniter\CodeIgniter->tryToRouteIt(null)
 3 SYSTEMPATH\CodeIgniter.php(368): CodeIgniter\CodeIgniter->handleRequest(null, Object(Config\Cache), false)
 4 FCPATH\index.php(67): CodeIgniter\CodeIgniter->run()
INFO - 2023-04-21 14:12:35 --> Session: Class initialized using 'CodeIgniter\Session\Handlers\FileHandler' driver.
INFO - 2023-04-21 14:12:50 --> Session: Class initialized using 'CodeIgniter\Session\Handlers\FileHandler' driver.
INFO - 2023-04-21 14:13:19 --> Session: Class initialized using 'CodeIgniter\Session\Handlers\FileHandler' driver.
INFO - 2023-04-21 14:13:19 --> Session: Class initialized using 'CodeIgniter\Session\Handlers\FileHandler' driver.
